d:\users\mvkol\source\repos\cg_4_kolos\cg_4_kolos\debug\cg_4_kolos.form3d.resources
d:\users\mvkol\source\repos\cg_4_kolos\cg_4_kolos\debug\vc141.pdb
d:\users\mvkol\source\repos\cg_4_kolos\cg_4_kolos\debug\matrix.obj
d:\users\mvkol\source\repos\cg_4_kolos\cg_4_kolos\debug\form3d.obj
d:\users\mvkol\source\repos\cg_4_kolos\cg_4_kolos\debug\.netframework,version=v4.6.1.assemblyattributes.obj
d:\users\mvkol\source\repos\cg_4_kolos\cg_4_kolos\debug\.netframework,version=v4.6.1.assemblyattributes.asm
d:\users\mvkol\source\repos\cg_4_kolos\cg_4_kolos\debug\shape.obj
d:\users\mvkol\source\repos\cg_4_kolos\cg_4_kolos\debug\cg_4_kolos.vcxproj.generateresource.cache
d:\users\mvkol\source\repos\cg_4_kolos\cg_4_kolos\debug\cg_4_kolos.vcxprojresolveassemblyreference.cache
d:\users\mvkol\source\repos\cg_4_kolos\debug\cg_4_kolos.pdb
d:\users\mvkol\source\repos\cg_4_kolos\cg_4_kolos\debug\cg_4_kolos.tlog\cg_4_kolos.write.1u.tlog
d:\users\mvkol\source\repos\cg_4_kolos\cg_4_kolos\debug\cg_4_kolos.tlog\cl.command.1.tlog
d:\users\mvkol\source\repos\cg_4_kolos\cg_4_kolos\debug\cg_4_kolos.tlog\cl.read.1.tlog
d:\users\mvkol\source\repos\cg_4_kolos\cg_4_kolos\debug\cg_4_kolos.tlog\cl.write.1.tlog
d:\users\mvkol\source\repos\cg_4_kolos\cg_4_kolos\debug\cg_4_kolos.tlog\link.14084-cvtres.read.1.tlog
d:\users\mvkol\source\repos\cg_4_kolos\cg_4_kolos\debug\cg_4_kolos.tlog\link.14084-cvtres.write.1.tlog
d:\users\mvkol\source\repos\cg_4_kolos\cg_4_kolos\debug\cg_4_kolos.tlog\link.14084-rc.read.1.tlog
d:\users\mvkol\source\repos\cg_4_kolos\cg_4_kolos\debug\cg_4_kolos.tlog\link.14084-rc.write.1.tlog
d:\users\mvkol\source\repos\cg_4_kolos\cg_4_kolos\debug\cg_4_kolos.tlog\link.14084.read.1.tlog
d:\users\mvkol\source\repos\cg_4_kolos\cg_4_kolos\debug\cg_4_kolos.tlog\link.14084.write.1.tlog
d:\users\mvkol\source\repos\cg_4_kolos\cg_4_kolos\debug\cg_4_kolos.tlog\link.15280-cvtres.read.1.tlog
d:\users\mvkol\source\repos\cg_4_kolos\cg_4_kolos\debug\cg_4_kolos.tlog\link.15280-cvtres.write.1.tlog
d:\users\mvkol\source\repos\cg_4_kolos\cg_4_kolos\debug\cg_4_kolos.tlog\link.15280-rc.read.1.tlog
d:\users\mvkol\source\repos\cg_4_kolos\cg_4_kolos\debug\cg_4_kolos.tlog\link.15280-rc.write.1.tlog
d:\users\mvkol\source\repos\cg_4_kolos\cg_4_kolos\debug\cg_4_kolos.tlog\link.15280.read.1.tlog
d:\users\mvkol\source\repos\cg_4_kolos\cg_4_kolos\debug\cg_4_kolos.tlog\link.15280.write.1.tlog
d:\users\mvkol\source\repos\cg_4_kolos\cg_4_kolos\debug\cg_4_kolos.tlog\link.5916-cvtres.read.1.tlog
d:\users\mvkol\source\repos\cg_4_kolos\cg_4_kolos\debug\cg_4_kolos.tlog\link.5916-cvtres.write.1.tlog
d:\users\mvkol\source\repos\cg_4_kolos\cg_4_kolos\debug\cg_4_kolos.tlog\link.5916-rc.read.1.tlog
d:\users\mvkol\source\repos\cg_4_kolos\cg_4_kolos\debug\cg_4_kolos.tlog\link.5916-rc.write.1.tlog
d:\users\mvkol\source\repos\cg_4_kolos\cg_4_kolos\debug\cg_4_kolos.tlog\link.5916.read.1.tlog
d:\users\mvkol\source\repos\cg_4_kolos\cg_4_kolos\debug\cg_4_kolos.tlog\link.5916.write.1.tlog
d:\users\mvkol\source\repos\cg_4_kolos\cg_4_kolos\debug\cg_4_kolos.tlog\link.command.1.tlog
d:\users\mvkol\source\repos\cg_4_kolos\cg_4_kolos\debug\cg_4_kolos.tlog\link.read.1.tlog
d:\users\mvkol\source\repos\cg_4_kolos\cg_4_kolos\debug\cg_4_kolos.tlog\link.write.1.tlog
d:\users\mvkol\source\repos\cg_4_kolos\cg_4_kolos\debug\cg_4_kolos.tlog\metagen.read.1.tlog
d:\users\mvkol\source\repos\cg_4_kolos\cg_4_kolos\debug\cg_4_kolos.tlog\metagen.write.1.tlog
d:\users\mvkol\source\repos\cg_4_kolos\cg_4_kolos\debug\cg_4_kolos.tlog\tzres.dll.bi
